This is XeTeX, Version 3.141592653-2.6-0.999997 (TeX Live 2025) (preloaded format=xelatex 2025.11.22)  24 NOV 2025 04:43
entering extended mode
 restricted \write18 enabled.
 file:line:error style messages enabled.
 %&-line parsing enabled.
**"/Users/yiskayuan/Code/APMCM LaTeX/main"
(/Users/yiskayuan/Code/APMCM LaTeX/main.tex
LaTeX2e <2024-11-01> patch level 2
L3 programming layer <2025-01-18>
(./apmcmthesis.cls
Document Class: apmcmthesis 2019/11/11 v1.0 LaTeX Template for APMCM
(/usr/local/texlive/2025/texmf-dist/tex/latex/base/article.cls
Document Class: article 2024/06/29 v1.4n Standard LaTeX document class
(/usr/local/texlive/2025/texmf-dist/tex/latex/base/size12.clo
File: size12.clo 2024/06/29 v1.4n Standard LaTeX file (size option)
)
\c@part=\count192
\c@section=\count193
\c@subsection=\count194
\c@subsubsection=\count195
\c@paragraph=\count196
\c@subparagraph=\count197
\c@figure=\count198
\c@table=\count199
\abovecaptionskip=\skip49
\belowcaptionskip=\skip50
\bibindent=\dimen141
) (/usr/local/texlive/2025/texmf-dist/tex/generic/iftex/ifxetex.sty
Package: ifxetex 2019/10/25 v0.7 ifxetex legacy package. Use iftex instead.
 (/usr/local/texlive/2025/texmf-dist/tex/generic/iftex/iftex.sty
Package: iftex 2024/12/12 v1.0g TeX engine tests
)) (/usr/local/texlive/2025/texmf-dist/tex/latex/geometry/geometry.sty
Package: geometry 2020/01/02 v5.9 Page Geometry
 (/usr/local/texlive/2025/texmf-dist/tex/latex/graphics/keyval.sty
Package: keyval 2022/05/29 v1.15 key=value parser (DPC)
\KV@toks@=\toks17
) (/usr/local/texlive/2025/texmf-dist/tex/generic/iftex/ifvtex.sty
Package: ifvtex 2019/10/25 v1.7 ifvtex legacy package. Use iftex instead.
)
\Gm@cnth=\count266
\Gm@cntv=\count267
\c@Gm@tempcnt=\count268
\Gm@bindingoffset=\dimen142
\Gm@wd@mp=\dimen143
\Gm@odd@mp=\dimen144
\Gm@even@mp=\dimen145
\Gm@layoutwidth=\dimen146
\Gm@layoutheight=\dimen147
\Gm@layouthoffset=\dimen148
\Gm@layoutvoffset=\dimen149
\Gm@dimlist=\toks18
) (/usr/local/texlive/2025/texmf-dist/tex/latex/amsmath/amsmath.sty
Package: amsmath 2024/11/05 v2.17t AMS math features
\@mathmargin=\skip51

For additional information on amsmath, use the `?' option.
(/usr/local/texlive/2025/texmf-dist/tex/latex/amsmath/amstext.sty
Package: amstext 2021/08/26 v2.01 AMS text
 (/usr/local/texlive/2025/texmf-dist/tex/latex/amsmath/amsgen.sty
File: amsgen.sty 1999/11/30 v2.0 generic functions
\@emptytoks=\toks19
\ex@=\dimen150
)) (/usr/local/texlive/2025/texmf-dist/tex/latex/amsmath/amsbsy.sty
Package: amsbsy 1999/11/29 v1.2d Bold Symbols
\pmbraise@=\dimen151
) (/usr/local/texlive/2025/texmf-dist/tex/latex/amsmath/amsopn.sty
Package: amsopn 2022/04/08 v2.04 operator names
)
\inf@bad=\count269
LaTeX Info: Redefining \frac on input line 233.
\uproot@=\count270
\leftroot@=\count271
LaTeX Info: Redefining \overline on input line 398.
LaTeX Info: Redefining \colon on input line 409.
\classnum@=\count272
\DOTSCASE@=\count273
LaTeX Info: Redefining \ldots on input line 495.
LaTeX Info: Redefining \dots on input line 498.
LaTeX Info: Redefining \cdots on input line 619.
\Mathstrutbox@=\box52
\strutbox@=\box53
LaTeX Info: Redefining \big on input line 721.
LaTeX Info: Redefining \Big on input line 722.
LaTeX Info: Redefining \bigg on input line 723.
LaTeX Info: Redefining \Bigg on input line 724.
\big@size=\dimen152
LaTeX Font Info:    Redeclaring font encoding OML on input line 742.
LaTeX Font Info:    Redeclaring font encoding OMS on input line 743.
\macc@depth=\count274
LaTeX Info: Redefining \bmod on input line 904.
LaTeX Info: Redefining \pmod on input line 909.
LaTeX Info: Redefining \smash on input line 939.
LaTeX Info: Redefining \relbar on input line 969.
LaTeX Info: Redefining \Relbar on input line 970.
\c@MaxMatrixCols=\count275
\dotsspace@=\muskip17
\c@parentequation=\count276
\dspbrk@lvl=\count277
\tag@help=\toks20
\row@=\count278
\column@=\count279
\maxfields@=\count280
\andhelp@=\toks21
\eqnshift@=\dimen153
\alignsep@=\dimen154
\tagshift@=\dimen155
\tagwidth@=\dimen156
\totwidth@=\dimen157
\lineht@=\dimen158
\@envbody=\toks22
\multlinegap=\skip52
\multlinetaggap=\skip53
\mathdisplay@stack=\toks23
LaTeX Info: Redefining \[ on input line 2953.
LaTeX Info: Redefining \] on input line 2954.
) (/usr/local/texlive/2025/texmf-dist/tex/latex/amsfonts/amsfonts.sty
Package: amsfonts 2013/01/14 v3.01 Basic AMSFonts support
\symAMSa=\mathgroup4
\symAMSb=\mathgroup5
LaTeX Font Info:    Redeclaring math symbol \hbar on input line 98.
LaTeX Font Info:    Overwriting math alphabet `\mathfrak' in version `bold'
(Font)                  U/euf/m/n --> U/euf/b/n on input line 106.
) (/usr/local/texlive/2025/texmf-dist/tex/latex/amsfonts/amssymb.sty
Package: amssymb 2013/01/14 v3.01 AMS font symbols
) (/usr/local/texlive/2025/texmf-dist/tex/latex/tools/bm.sty
Package: bm 2023/12/19 v1.2f Bold Symbol Support (DPC/FMi)
\symboldoperators=\mathgroup6
\symboldletters=\mathgroup7
\symboldsymbols=\mathgroup8
Package bm Info: No bold for \OMX/cmex/m/n, using \pmb.
Package bm Info: No bold for \U/msa/m/n, using \pmb.
Package bm Info: No bold for \U/msb/m/n, using \pmb.
LaTeX Font Info:    Redeclaring math alphabet \mathbf on input line 149.
) (/usr/local/texlive/2025/texmf-dist/tex/latex/titlesec/titlesec.sty
Package: titlesec 2025/01/04 v2.17 Sectioning titles
\ttl@box=\box54
\beforetitleunit=\skip54
\aftertitleunit=\skip55
\ttl@plus=\dimen159
\ttl@minus=\dimen160
\ttl@toksa=\toks24
\titlewidth=\dimen161
\titlewidthlast=\dimen162
\titlewidthfirst=\dimen163
) (/usr/local/texlive/2025/texmf-dist/tex/latex/titlesec/titletoc.sty
Package: titletoc 2025/01/04 v2.17 TOC entries
\ttl@leftsep=\dimen164
) (/usr/local/texlive/2025/texmf-dist/tex/latex/xcolor/xcolor.sty
Package: xcolor 2024/09/29 v3.02 LaTeX color extensions (UK)
 (/usr/local/texlive/2025/texmf-dist/tex/latex/graphics-cfg/color.cfg
File: color.cfg 2016/01/02 v1.6 sample color configuration
)
Package xcolor Info: Driver file: xetex.def on input line 274.
 (/usr/local/texlive/2025/texmf-dist/tex/latex/graphics-def/xetex.def
File: xetex.def 2022/09/22 v5.0n Graphics/color driver for xetex
) (/usr/local/texlive/2025/texmf-dist/tex/latex/graphics/mathcolor.ltx)
Package xcolor Info: Model `cmy' substituted by `cmy0' on input line 1349.
Package xcolor Info: Model `RGB' extended on input line 1365.
Package xcolor Info: Model `HTML' substituted by `rgb' on input line 1367.
Package xcolor Info: Model `Hsb' substituted by `hsb' on input line 1368.
Package xcolor Info: Model `tHsb' substituted by `hsb' on input line 1369.
Package xcolor Info: Model `HSB' substituted by `hsb' on input line 1370.
Package xcolor Info: Model `Gray' substituted by `gray' on input line 1371.
Package xcolor Info: Model `wave' substituted by `hsb' on input line 1372.
) (/usr/local/texlive/2025/texmf-dist/tex/latex/xcolor/x11nam.def
File: x11nam.def 2024/09/29 v3.02 Predefined colors according to Unix/X11 (UK)
) (/usr/local/texlive/2025/texmf-dist/tex/latex/xcolor/svgnam.def
File: svgnam.def 2024/09/29 v3.02 Predefined colors according to SVG 1.1 (UK)
) (/usr/local/texlive/2025/texmf-dist/tex/latex/graphics/dvipsnam.def
File: dvipsnam.def 2016/06/17 v3.0m Driver-dependent file (DPC,SPQR)
) (/usr/local/texlive/2025/texmf-dist/tex/latex/graphics/graphicx.sty
Package: graphicx 2021/09/16 v1.2d Enhanced LaTeX Graphics (DPC,SPQR)
 (/usr/local/texlive/2025/texmf-dist/tex/latex/graphics/graphics.sty
Package: graphics 2024/08/06 v1.4g Standard LaTeX Graphics (DPC,SPQR)
 (/usr/local/texlive/2025/texmf-dist/tex/latex/graphics/trig.sty
Package: trig 2023/12/02 v1.11 sin cos tan (DPC)
) (/usr/local/texlive/2025/texmf-dist/tex/latex/graphics-cfg/graphics.cfg
File: graphics.cfg 2016/06/04 v1.11 sample graphics configuration
)
Package graphics Info: Driver file: xetex.def on input line 106.
)
\Gin@req@height=\dimen165
\Gin@req@width=\dimen166
) (/usr/local/texlive/2025/texmf-dist/tex/latex/tools/array.sty
Package: array 2024/10/17 v2.6g Tabular extension package (FMi)
\col@sep=\dimen167
\ar@mcellbox=\box55
\extrarowheight=\dimen168
\NC@list=\toks25
\extratabsurround=\skip56
\backup@length=\skip57
\ar@cellbox=\box56
) (/usr/local/texlive/2025/texmf-dist/tex/latex/lastpage/lastpage.sty
Package: lastpage 2025/01/27 v2.1e lastpage: 2.09 or 2e? (HMM)
 (/usr/local/texlive/2025/texmf-dist/tex/latex/lastpage/lastpage2e.sty
Package: lastpage2e 2025/01/27 v2.1e Decide which 2e lastpage version to use (HMM)
 (/usr/local/texlive/2025/texmf-dist/tex/latex/lastpage/lastpagemodern.sty
Package: lastpagemodern 2025-01-27 v2.1e Refers to last page's name (HMM; JPG)
\c@lastpagecount=\count281
) 
)) (/usr/local/texlive/2025/texmf-dist/tex/latex/tools/longtable.sty
Package: longtable 2024-10-27 v4.22 Multi-page Table package (DPC)
\LTleft=\skip58
\LTright=\skip59
\LTpre=\skip60
\LTpost=\skip61
\LTchunksize=\count282
\LTcapwidth=\dimen169
\LT@head=\box57
\LT@firsthead=\box58
\LT@foot=\box59
\LT@lastfoot=\box60
\LT@gbox=\box61
\LT@cols=\count283
\LT@rows=\count284
\c@LT@tables=\count285
\c@LT@chunks=\count286
\LT@p@ftn=\toks26
) (/usr/local/texlive/2025/texmf-dist/tex/latex/tools/tabularx.sty
Package: tabularx 2023/12/11 v2.12a `tabularx' package (DPC)
\TX@col@width=\dimen170
\TX@old@table=\dimen171
\TX@old@col=\dimen172
\TX@target=\dimen173
\TX@delta=\dimen174
\TX@cols=\count287
\TX@ftn=\toks27
) (/usr/local/texlive/2025/texmf-dist/tex/latex/booktabs/booktabs.sty
Package: booktabs 2020/01/12 v1.61803398 Publication quality tables
\heavyrulewidth=\dimen175
\lightrulewidth=\dimen176
\cmidrulewidth=\dimen177
\belowrulesep=\dimen178
\belowbottomsep=\dimen179
\aboverulesep=\dimen180
\abovetopsep=\dimen181
\cmidrulesep=\dimen182
\cmidrulekern=\dimen183
\defaultaddspace=\dimen184
\@cmidla=\count288
\@cmidlb=\count289
\@aboverulesep=\dimen185
\@belowrulesep=\dimen186
\@thisruleclass=\count290
\@lastruleclass=\count291
\@thisrulewidth=\dimen187
) (/usr/local/texlive/2025/texmf-dist/tex/latex/multirow/multirow.sty
Package: multirow 2024/11/12 v2.9 Span multiple rows of a table
\multirow@colwidth=\skip62
\multirow@cntb=\count292
\multirow@dima=\skip63
\bigstrutjot=\dimen188
) (/usr/local/texlive/2025/texmf-dist/tex/latex/multirow/bigstrut.sty
Package: bigstrut 2024/11/12 v2.9 Provide larger struts in tabulars
) (/usr/local/texlive/2025/texmf-dist/tex/latex/cprotect/cprotect.sty
Package: cprotect 2011/01/27 v1.0e (Bruno Le Floch)
 (/usr/local/texlive/2025/texmf-dist/tex/latex/base/ifthen.sty
Package: ifthen 2024/03/16 v1.1e Standard LaTeX ifthen package (DPC)
) (/usr/local/texlive/2025/texmf-dist/tex/latex/bigfoot/suffix.sty
Package: suffix 2006/07/15 1.5a Variant command support
)
\CPT@WriteOut=\write3
\c@CPT@WriteCount=\count293
\c@CPT@numB=\count294
\CPT@commandatend@toks=\toks28
) (/usr/local/texlive/2025/texmf-dist/tex/latex/listings/listings.sty
\lst@mode=\count295
\lst@gtempboxa=\box62
\lst@token=\toks29
\lst@length=\count296
\lst@currlwidth=\dimen189
\lst@column=\count297
\lst@pos=\count298
\lst@lostspace=\dimen190
\lst@width=\dimen191
\lst@newlines=\count299
\lst@lineno=\count300
\lst@maxwidth=\dimen192
 (/usr/local/texlive/2025/texmf-dist/tex/latex/listings/lstpatch.sty
File: lstpatch.sty 2024/09/23 1.10c (Carsten Heinz)
) (/usr/local/texlive/2025/texmf-dist/tex/latex/listings/lstmisc.sty
File: lstmisc.sty 2024/09/23 1.10c (Carsten Heinz)
\c@lstnumber=\count301
\lst@skipnumbers=\count302
\lst@framebox=\box63
) (/usr/local/texlive/2025/texmf-dist/tex/latex/listings/listings.cfg
File: listings.cfg 2024/09/23 1.10c listings configuration
))
Package: listings 2024/09/23 1.10c (Carsten Heinz)
 (/usr/local/texlive/2025/texmf-dist/tex/latex/ctex/ctex.sty (/usr/local/texlive/2025/texmf-dist/tex/latex/l3kernel/expl3.sty
Package: expl3 2025-01-18 L3 programming layer (loader) 
 (/usr/local/texlive/2025/texmf-dist/tex/latex/l3backend/l3backend-xetex.def
File: l3backend-xetex.def 2024-05-08 L3 backend support: XeTeX
\g__graphics_track_int=\count303
\l__pdf_internal_box=\box64
\g__pdf_backend_annotation_int=\count304
\g__pdf_backend_link_int=\count305
))
Package: ctex 2022/07/14 v2.5.10 Chinese adapter in LaTeX (CTEX)
 (/usr/local/texlive/2025/texmf-dist/tex/latex/ctex/ctexhook.sty
Package: ctexhook 2022/07/14 v2.5.10 Document and package hooks (CTEX)
) (/usr/local/texlive/2025/texmf-dist/tex/latex/ctex/ctexpatch.sty
Package: ctexpatch 2022/07/14 v2.5.10 Patching commands (CTEX)
) (/usr/local/texlive/2025/texmf-dist/tex/latex/base/fix-cm.sty
Package: fix-cm 2020/11/24 v1.1t fixes to LaTeX
 (/usr/local/texlive/2025/texmf-dist/tex/latex/base/ts1enc.def
File: ts1enc.def 2001/06/05 v3.0e (jk/car/fm) Standard LaTeX file
LaTeX Font Info:    Redeclaring font encoding TS1 on input line 47.
))
\l__ctex_tmp_int=\count306
\l__ctex_tmp_box=\box65
\l__ctex_tmp_dim=\dimen193
\g__ctex_section_depth_int=\count307
\g__ctex_font_size_int=\count308
 (/usr/local/texlive/2025/texmf-dist/tex/latex/ctex/config/ctexopts.cfg
File: ctexopts.cfg 2022/07/14 v2.5.10 Option configuration file (CTEX)
) (/usr/local/texlive/2025/texmf-dist/tex/latex/ctex/engine/ctex-engine-xetex.def
File: ctex-engine-xetex.def 2022/07/14 v2.5.10 XeLaTeX adapter (CTEX)
 (/usr/local/texlive/2025/texmf-dist/tex/xelatex/xecjk/xeCJK.sty
Package: xeCJK 2022/08/05 v3.9.1 Typesetting CJK scripts with XeLaTeX
 (/usr/local/texlive/2025/texmf-dist/tex/latex/l3packages/xtemplate/xtemplate.sty
Package: xtemplate 2024-08-16 L3 Experimental prototype document functions
)
\l__xeCJK_tmp_int=\count309
\l__xeCJK_tmp_box=\box66
\l__xeCJK_tmp_dim=\dimen194
\l__xeCJK_tmp_skip=\skip64
\g__xeCJK_space_factor_int=\count310
\l__xeCJK_begin_int=\count311
\l__xeCJK_end_int=\count312
\c__xeCJK_CJK_class_int=\XeTeXcharclass1
\c__xeCJK_FullLeft_class_int=\XeTeXcharclass2
\c__xeCJK_FullRight_class_int=\XeTeXcharclass3
\c__xeCJK_HalfLeft_class_int=\XeTeXcharclass4
\c__xeCJK_HalfRight_class_int=\XeTeXcharclass5
\c__xeCJK_NormalSpace_class_int=\XeTeXcharclass6
\c__xeCJK_CM_class_int=\XeTeXcharclass7
\c__xeCJK_HangulJamo_class_int=\XeTeXcharclass8
\l__xeCJK_last_skip=\skip65
\c__xeCJK_none_node=\count313
\g__xeCJK_node_int=\count314
\c__xeCJK_CJK_node_dim=\dimen195
\c__xeCJK_CJK-space_node_dim=\dimen196
\c__xeCJK_default_node_dim=\dimen197
\c__xeCJK_CJK-widow_node_dim=\dimen198
\c__xeCJK_normalspace_node_dim=\dimen199
\c__xeCJK_default-space_node_skip=\skip66
\l__xeCJK_ccglue_skip=\skip67
\l__xeCJK_ecglue_skip=\skip68
\l__xeCJK_punct_kern_skip=\skip69
\l__xeCJK_indent_box=\box67
\l__xeCJK_last_penalty_int=\count315
\l__xeCJK_last_bound_dim=\dimen256
\l__xeCJK_last_kern_dim=\dimen257
\l__xeCJK_widow_penalty_int=\count316

LaTeX template Info: Declaring template type 'xeCJK/punctuation' taking 0
(template)           argument(s) on line 2396.

\l__xeCJK_fixed_punct_width_dim=\dimen258
\l__xeCJK_mixed_punct_width_dim=\dimen259
\l__xeCJK_middle_punct_width_dim=\dimen260
\l__xeCJK_fixed_margin_width_dim=\dimen261
\l__xeCJK_mixed_margin_width_dim=\dimen262
\l__xeCJK_middle_margin_width_dim=\dimen263
\l__xeCJK_bound_punct_width_dim=\dimen264
\l__xeCJK_bound_margin_width_dim=\dimen265
\l__xeCJK_margin_minimum_dim=\dimen266
\l__xeCJK_kerning_total_width_dim=\dimen267
\l__xeCJK_same_align_margin_dim=\dimen268
\l__xeCJK_different_align_margin_dim=\dimen269
\l__xeCJK_kerning_margin_width_dim=\dimen270
\l__xeCJK_kerning_margin_minimum_dim=\dimen271
\l__xeCJK_bound_dim=\dimen272
\l__xeCJK_reverse_bound_dim=\dimen273
\l__xeCJK_margin_dim=\dimen274
\l__xeCJK_minimum_bound_dim=\dimen275
\l__xeCJK_kerning_margin_dim=\dimen276
\g__xeCJK_family_int=\count317
\l__xeCJK_fam_int=\count318
\g__xeCJK_fam_allocation_int=\count319
\l__xeCJK_verb_case_int=\count320
\l__xeCJK_verb_exspace_skip=\skip70
 (/usr/local/texlive/2025/texmf-dist/tex/latex/fontspec/fontspec.sty (/usr/local/texlive/2025/texmf-dist/tex/latex/l3packages/xparse/xparse.sty
Package: xparse 2024-08-16 L3 Experimental document command parser
)
Package: fontspec 2024/05/11 v2.9e Font selection for XeLaTeX and LuaLaTeX
 (/usr/local/texlive/2025/texmf-dist/tex/latex/fontspec/fontspec-xetex.sty
Package: fontspec-xetex 2024/05/11 v2.9e Font selection for XeLaTeX and LuaLaTeX
\l__fontspec_script_int=\count321
\l__fontspec_language_int=\count322
\l__fontspec_strnum_int=\count323
\l__fontspec_tmp_int=\count324
\l__fontspec_tmpa_int=\count325
\l__fontspec_tmpb_int=\count326
\l__fontspec_tmpc_int=\count327
\l__fontspec_em_int=\count328
\l__fontspec_emdef_int=\count329
\l__fontspec_strong_int=\count330
\l__fontspec_strongdef_int=\count331
\l__fontspec_tmpa_dim=\dimen277
\l__fontspec_tmpb_dim=\dimen278
\l__fontspec_tmpc_dim=\dimen279
 (/usr/local/texlive/2025/texmf-dist/tex/latex/base/fontenc.sty
Package: fontenc 2021/04/29 v2.0v Standard LaTeX package
) (/usr/local/texlive/2025/texmf-dist/tex/latex/fontspec/fontspec.cfg))) (/usr/local/texlive/2025/texmf-dist/tex/xelatex/xecjk/xeCJK-listings.sty
Package: xeCJK-listings 2022/08/05 v3.9.1 xeCJK patch file for listings
\l__xeCJK_listings_max_char_int=\count332
\l__xeCJK_listings_flag_int=\count333
) (/usr/local/texlive/2025/texmf-dist/tex/xelatex/xecjk/xeCJK.cfg
File: xeCJK.cfg 2022/08/05 v3.9.1 Configuration file for xeCJK package
))
\ccwd=\dimen280
\l__ctex_ccglue_skip=\skip71
)
\l__ctex_ziju_dim=\dimen281
 (/usr/local/texlive/2025/texmf-dist/tex/latex/zhnumber/zhnumber.sty
Package: zhnumber 2022/07/14 v3.0 Typesetting numbers with Chinese glyphs
\l__zhnum_scale_int=\count334
\l__zhnum_tmp_int=\count335
 (/usr/local/texlive/2025/texmf-dist/tex/latex/zhnumber/zhnumber-utf8.cfg
File: zhnumber-utf8.cfg 2022/07/14 v3.0 Chinese numerals with UTF8 encoding
)) (/usr/local/texlive/2025/texmf-dist/tex/latex/ctex/scheme/ctex-scheme-chinese.def
File: ctex-scheme-chinese.def 2022/07/14 v2.5.10 Chinese scheme for generic (CTEX)
 (/usr/local/texlive/2025/texmf-dist/tex/latex/ctex/config/ctex-name-utf8.cfg
File: ctex-name-utf8.cfg 2022/07/14 v2.5.10 Caption with encoding UTF-8 (CTEX)
)) (/usr/local/texlive/2025/texmf-dist/tex/latex/tools/indentfirst.sty
Package: indentfirst 2023/07/02 v1.03 Indent first paragraph (DPC)
) (/usr/local/texlive/2025/texmf-dist/tex/latex/ctex/ctex-c5size.clo
File: ctex-c5size.clo 2022/07/14 v2.5.10 c5size option (CTEX)
) (/usr/local/texlive/2025/texmf-dist/tex/latex/ctex/fontset/ctex-fontset-mac.def
File: ctex-fontset-mac.def 2022/07/14 v2.5.10 macOS fonts definition (CTEX)
 (/usr/local/texlive/2025/texmf-dist/tex/latex/ctex/fontset/ctex-fontset-macold.def
File: ctex-fontset-macold.def 2022/07/14 v2.5.10 macOS fonts definition for Yosemite or earlier version (CTEX)

Package fontspec Info: 
(fontspec)             Script 'CJK' not explicitly supported within font
(fontspec)             'STSong'. Check the typeset output, and if it is okay
(fontspec)             then ignore this warning. Otherwise a different font
(fontspec)             should be chosen.


Package fontspec Info: 
(fontspec)             Could not resolve font "STKaiti/B" (it probably doesn't
(fontspec)             exist).


Package fontspec Info: 
(fontspec)             Could not resolve font "STHeiti/I" (it probably doesn't
(fontspec)             exist).


Package fontspec Info: 
(fontspec)             Could not resolve font "STSong/BI" (it probably doesn't
(fontspec)             exist).


Package fontspec Info: 
(fontspec)             Font family 'STSong(0)' created for font 'STSong' with
(fontspec)             options
(fontspec)             [Script={CJK},BoldFont={STHeiti},ItalicFont={STKaiti}].
(fontspec)              
(fontspec)              This font family consists of the following NFSS
(fontspec)             series/shapes:
(fontspec)              
(fontspec)             - 'normal' (m/n) with NFSS spec.:
(fontspec)             <->"STSong/OT:script=hani;language=dflt;"
(fontspec)             - 'bold' (b/n) with NFSS spec.:
(fontspec)             <->"STHeiti/OT:script=hani;language=dflt;"
(fontspec)             - 'italic' (m/it) with NFSS spec.:
(fontspec)             <->"STKaiti/OT:script=hani;language=dflt;"

))) (/usr/local/texlive/2025/texmf-dist/tex/latex/ctex/config/ctex.cfg
File: ctex.cfg 2022/07/14 v2.5.10 Configuration file (CTEX)
)

Package fontspec Info: 
(fontspec)             Font family 'TimesNewRoman(0)' created for font 'Times
(fontspec)             New Roman' with options [Ligatures=TeX].
(fontspec)              
(fontspec)              This font family consists of the following NFSS
(fontspec)             series/shapes:
(fontspec)              
(fontspec)             - 'normal' (m/n) with NFSS spec.: <->"Times New
(fontspec)             Roman/OT:script=latn;language=dflt;mapping=tex-text;"
(fontspec)             - 'bold' (b/n) with NFSS spec.: <->"Times New
(fontspec)             Roman/B/OT:script=latn;language=dflt;mapping=tex-text;"
(fontspec)             - 'italic' (m/it) with NFSS spec.: <->"Times New
(fontspec)             Roman/I/OT:script=latn;language=dflt;mapping=tex-text;"
(fontspec)             - 'bold italic' (b/it) with NFSS spec.: <->"Times New
(fontspec)             Roman/BI/OT:script=latn;language=dflt;mapping=tex-text;"

 (/usr/local/texlive/2025/texmf-dist/tex/latex/caption/caption.sty
Package: caption 2023/08/05 v3.6o Customizing captions (AR)
 (/usr/local/texlive/2025/texmf-dist/tex/latex/caption/caption3.sty
Package: caption3 2023/07/31 v2.4d caption3 kernel (AR)
\caption@tempdima=\dimen282
\captionmargin=\dimen283
\caption@leftmargin=\dimen284
\caption@rightmargin=\dimen285
\caption@width=\dimen286
\caption@indent=\dimen287
\caption@parindent=\dimen288
\caption@hangindent=\dimen289
Package caption Info: Standard document class detected.
)
\c@caption@flags=\count336
\c@continuedfloat=\count337
Package caption Info: listings package is loaded.
Package caption Info: longtable package is loaded.
 (/usr/local/texlive/2025/texmf-dist/tex/latex/caption/ltcaption.sty
Package: ltcaption 2021/01/08 v1.4c longtable captions (AR)
)) (/usr/local/texlive/2025/texmf-dist/tex/latex/enumitem/enumitem.sty
Package: enumitem 2025/02/06 v3.11 Customized lists
\labelindent=\skip72
\enit@outerparindent=\dimen290
\enit@toks=\toks30
\enit@inbox=\box68
\enit@count@id=\count338
\enitdp@description=\count339
) (/usr/local/texlive/2025/texmf-dist/tex/generic/ulem/ulem.sty
\UL@box=\box69
\UL@hyphenbox=\box70
\UL@skip=\skip73
\UL@hook=\toks31
\UL@height=\dimen291
\UL@pe=\count340
\UL@pixel=\dimen292
\ULC@box=\box71
Package: ulem 2019/11/18
\ULdepth=\dimen293
) (/usr/local/texlive/2025/texmf-dist/tex/latex/tools/calc.sty
Package: calc 2023/07/08 v4.3 Infix arithmetic (KKT,FJ)
\calc@Acount=\count341
\calc@Bcount=\count342
\calc@Adimen=\dimen294
\calc@Bdimen=\dimen295
\calc@Askip=\skip74
\calc@Bskip=\skip75
LaTeX Info: Redefining \setlength on input line 80.
LaTeX Info: Redefining \addtolength on input line 81.
\calc@Ccount=\count343
\calc@Cskip=\skip76
) (/usr/local/texlive/2025/texmf-dist/tex/latex/appendix/appendix.sty
Package: appendix 2020/02/08 v1.2c extra appendix facilities
\c@@pps=\count344
\c@@ppsavesec=\count345
\c@@ppsaveapp=\count346
) (/usr/local/texlive/2025/texmf-dist/tex/latex/fancyhdr/fancyhdr.sty
Package: fancyhdr 2025/02/07 v5.2 Extensive control of page headers and footers
\f@nch@headwidth=\skip77
\f@nch@offset@elh=\skip78
\f@nch@offset@erh=\skip79
\f@nch@offset@olh=\skip80
\f@nch@offset@orh=\skip81
\f@nch@offset@elf=\skip82
\f@nch@offset@erf=\skip83
\f@nch@offset@olf=\skip84
\f@nch@offset@orf=\skip85
\f@nch@height=\skip86
\f@nch@footalignment=\skip87
\f@nch@widthL=\skip88
\f@nch@widthC=\skip89
\f@nch@widthR=\skip90
\@temptokenb=\toks32
)
\c@definition=\count347
\c@theorem=\count348
\c@lemma=\count349
\c@corollary=\count350
\c@assumption=\count351
\c@conjecture=\count352
\c@axiom=\count353
\c@principle=\count354
\c@problem=\count355
\c@proof=\count356
\c@solution=\count357
) (/usr/local/texlive/2025/texmf-dist/tex/latex/url/url.sty
\Urlmuskip=\muskip18
Package: url 2013/09/16  ver 3.4  Verb mode for urls, etc.
) (/usr/local/texlive/2025/texmf-dist/tex/latex/threeparttablex/threeparttablex.sty
Package: threeparttablex 2013/07/23 v0.3 by daleif
 (/usr/local/texlive/2025/texmf-dist/tex/latex/threeparttable/threeparttable.sty
Package: threeparttable 2003/06/13  v 3.0
\@tempboxb=\box72
) (/usr/local/texlive/2025/texmf-dist/tex/latex/environ/environ.sty
Package: environ 2014/05/04 v0.3 A new way to define environments
 (/usr/local/texlive/2025/texmf-dist/tex/latex/trimspaces/trimspaces.sty
Package: trimspaces 2009/09/17 v1.1 Trim spaces around a token list
))
\TPTL@width=\skip91
) (/usr/local/texlive/2025/texmf-dist/tex/latex/makecell/makecell.sty
Package: makecell 2009/08/03 V0.1e Managing of Tab Column Heads and Cells
\rotheadsize=\dimen296
\c@nlinenum=\count358
\TeXr@lab=\toks33
) (./main.aux

LaTeX Warning: Label `fig:q2-scenario-cumulative' multiply defined.

)
\openout1 = `main.aux'.

LaTeX Font Info:    Checking defaults for OML/cmm/m/it on input line 32.
LaTeX Font Info:    ... okay on input line 32.
LaTeX Font Info:    Checking defaults for OMS/cmsy/m/n on input line 32.
LaTeX Font Info:    ... okay on input line 32.
LaTeX Font Info:    Checking defaults for OT1/cmr/m/n on input line 32.
LaTeX Font Info:    ... okay on input line 32.
LaTeX Font Info:    Checking defaults for T1/cmr/m/n on input line 32.
LaTeX Font Info:    ... okay on input line 32.
LaTeX Font Info:    Checking defaults for TS1/cmr/m/n on input line 32.
LaTeX Font Info:    ... okay on input line 32.
LaTeX Font Info:    Checking defaults for TU/lmr/m/n on input line 32.
LaTeX Font Info:    ... okay on input line 32.
LaTeX Font Info:    Checking defaults for OMX/cmex/m/n on input line 32.
LaTeX Font Info:    ... okay on input line 32.
LaTeX Font Info:    Checking defaults for U/cmr/m/n on input line 32.
LaTeX Font Info:    ... okay on input line 32.

*geometry* driver: auto-detecting
*geometry* detected driver: xetex
*geometry* verbose mode - [ preamble ] result:
* driver: xetex
* paper: a4paper
* layout: <same size as paper>
* layoutoffset:(h,v)=(0.0pt,0.0pt)
* modes: 
* h-part:(L,W,R)=(72.26999pt, 452.9679pt, 72.26999pt)
* v-part:(T,H,B)=(72.26999pt, 700.50687pt, 72.26999pt)
* \paperwidth=597.50787pt
* \paperheight=845.04684pt
* \textwidth=452.9679pt
* \textheight=700.50687pt
* \oddsidemargin=0.0pt
* \evensidemargin=0.0pt
* \topmargin=-37.0pt
* \headheight=12.0pt
* \headsep=25.0pt
* \topskip=12.0pt
* \footskip=30.0pt
* \marginparwidth=35.0pt
* \marginparsep=10.0pt
* \columnsep=10.0pt
* \skip\footins=10.8pt plus 4.0pt minus 2.0pt
* \hoffset=0.0pt
* \voffset=0.0pt
* \mag=1000
* \@twocolumnfalse
* \@twosidefalse
* \@mparswitchfalse
* \@reversemarginfalse
* (1in=72.27pt=25.4mm, 1cm=28.453pt)

\c@lstlisting=\count359

Package fontspec Info: 
(fontspec)             Adjusting the maths setup (use [no-math] to avoid
(fontspec)             this).

\symlegacymaths=\mathgroup9
LaTeX Font Info:    Overwriting symbol font `legacymaths' in version `bold'
(Font)                  OT1/cmr/m/n --> OT1/cmr/bx/n on input line 32.
LaTeX Font Info:    Redeclaring math accent \acute on input line 32.
LaTeX Font Info:    Redeclaring math accent \grave on input line 32.
LaTeX Font Info:    Redeclaring math accent \ddot on input line 32.
LaTeX Font Info:    Redeclaring math accent \tilde on input line 32.
LaTeX Font Info:    Redeclaring math accent \bar on input line 32.
LaTeX Font Info:    Redeclaring math accent \breve on input line 32.
LaTeX Font Info:    Redeclaring math accent \check on input line 32.
LaTeX Font Info:    Redeclaring math accent \hat on input line 32.
LaTeX Font Info:    Redeclaring math accent \dot on input line 32.
LaTeX Font Info:    Redeclaring math accent \mathring on input line 32.
LaTeX Font Info:    Redeclaring math symbol \Gamma on input line 32.
LaTeX Font Info:    Redeclaring math symbol \Delta on input line 32.
LaTeX Font Info:    Redeclaring math symbol \Theta on input line 32.
LaTeX Font Info:    Redeclaring math symbol \Lambda on input line 32.
LaTeX Font Info:    Redeclaring math symbol \Xi on input line 32.
LaTeX Font Info:    Redeclaring math symbol \Pi on input line 32.
LaTeX Font Info:    Redeclaring math symbol \Sigma on input line 32.
LaTeX Font Info:    Redeclaring math symbol \Upsilon on input line 32.
LaTeX Font Info:    Redeclaring math symbol \Phi on input line 32.
LaTeX Font Info:    Redeclaring math symbol \Psi on input line 32.
LaTeX Font Info:    Redeclaring math symbol \Omega on input line 32.
LaTeX Font Info:    Redeclaring math symbol \mathdollar on input line 32.
LaTeX Font Info:    Redeclaring symbol font `operators' on input line 32.
LaTeX Font Info:    Encoding `OT1' has changed to `TU' for symbol font
(Font)              `operators' in the math version `normal' on input line 32.
LaTeX Font Info:    Overwriting symbol font `operators' in version `normal'
(Font)                  OT1/cmr/m/n --> TU/TimesNewRoman(0)/m/n on input line 32.
LaTeX Font Info:    Encoding `OT1' has changed to `TU' for symbol font
(Font)              `operators' in the math version `bold' on input line 32.
LaTeX Font Info:    Overwriting symbol font `operators' in version `bold'
(Font)                  OT1/cmr/bx/n --> TU/TimesNewRoman(0)/m/n on input line 32.
LaTeX Font Info:    Overwriting symbol font `operators' in version `normal'
(Font)                  TU/TimesNewRoman(0)/m/n --> TU/TimesNewRoman(0)/m/n on input line 32.
LaTeX Font Info:    Overwriting math alphabet `\mathit' in version `normal'
(Font)                  OT1/cmr/m/it --> TU/TimesNewRoman(0)/m/it on input line 32.
LaTeX Font Info:    Overwriting math alphabet `\mathbf' in version `normal'
(Font)                  OT1/cmr/bx/n --> TU/TimesNewRoman(0)/b/n on input line 32.
LaTeX Font Info:    Overwriting math alphabet `\mathsf' in version `normal'
(Font)                  OT1/cmss/m/n --> TU/lmss/m/n on input line 32.
LaTeX Font Info:    Overwriting math alphabet `\mathtt' in version `normal'
(Font)                  OT1/cmtt/m/n --> TU/lmtt/m/n on input line 32.
LaTeX Font Info:    Overwriting symbol font `operators' in version `bold'
(Font)                  TU/TimesNewRoman(0)/m/n --> TU/TimesNewRoman(0)/b/n on input line 32.
LaTeX Font Info:    Overwriting math alphabet `\mathit' in version `bold'
(Font)                  OT1/cmr/bx/it --> TU/TimesNewRoman(0)/b/it on input line 32.
LaTeX Font Info:    Overwriting math alphabet `\mathsf' in version `bold'
(Font)                  OT1/cmss/bx/n --> TU/lmss/b/n on input line 32.
LaTeX Font Info:    Overwriting math alphabet `\mathtt' in version `bold'
(Font)                  OT1/cmtt/m/n --> TU/lmtt/b/n on input line 32.
Package caption Info: Begin \AtBeginDocument code.
Package caption Info: threeparttable package is loaded.
Package caption Info: End \AtBeginDocument code.
(./apmcmthesis.cfg
File: apmcmthesis.cfg 2019/11/05 v1.0 apmcmthesis configuration file
) (/usr/local/texlive/2025/texmf-dist/tex/latex/amsfonts/umsa.fd) (/usr/local/texlive/2025/texmf-dist/tex/latex/amsfonts/umsb.fd)
Overfull \hbox (5.49463pt too wide) in paragraph at lines 45--46
\TU/TimesNewRoman(0)/b/n/10.53937 Keywords: Reciprocal Tariffs Trade Structure Adjustment Policy Transmission Modeling Supply-
 []



[1

] (./main.toc

[2]

[3]

[4])
\tf@toc=\write4
\openout4 = `main.toc'.



[5]

[1]

[2]

[3]

Package caption Warning: \setcaptiontype
(caption)                outside box or environment on input line 116.
See the caption package documentation for explanation.


Overfull \hbox (21.16408pt too wide) in alignment at lines 118--122
 [] [] 
 []


Overfull \hbox (21.16408pt too wide) in alignment at lines 122--126
 [] [] 
 []


Overfull \hbox (21.16408pt too wide) in alignment at lines 126--128
 [] [] 
 []


Overfull \hbox (21.16408pt too wide) in alignment at lines 128--204
 [] [] 
 []

[4]

[5]
File: figures/share_stacked_export_to_china_quantity.png Graphic file (type bmp)
<figures/share_stacked_export_to_china_quantity.png>
File: ./figures/china_imports_quantity_by_country.png Graphic file (type bmp)
<./figures/china_imports_quantity_by_country.png>
File: ./figures/us_tariff_with_bilateral_quantity.png Graphic file (type bmp)
<./figures/us_tariff_with_bilateral_quantity.png>
File: ./figures/201801_quantity_share.png Graphic file (type bmp)
<./figures/201801_quantity_share.png>
File: ./figures/201807_quantity_share.png Graphic file (type bmp)
<./figures/201807_quantity_share.png>
File: ./figures/202501_quantity_share.png Graphic file (type bmp)
<./figures/202501_quantity_share.png>
File: ./figures/202504_quantity_share.png Graphic file (type bmp)
<./figures/202504_quantity_share.png>


[6]

[7]
Underfull \hbox (badness 10000) in paragraph at lines 269--269
[]|\TU/TimesNewRoman(0)/b/n/10.53937 Data Cate-
 []


Overfull \hbox (20.0pt too wide) in alignment at lines 267--274
 [] [] [] [] 
 []


Underfull \hbox (badness 10000) in paragraph at lines 277--277
[]|\TU/TimesNewRoman(0)/b/n/10.53937 Data Cate-
 []


Overfull \hbox (20.0pt too wide) in alignment at lines 274--282
 [] [] [] [] 
 []


Underfull \hbox (badness 10000) in paragraph at lines 288--289
[]|\TU/TimesNewRoman(0)/m/n/10.53937 2015.01-
 []


Underfull \hbox (badness 10000) in paragraph at lines 293--294
[]|\TU/TimesNewRoman(0)/m/n/10.53937 2015.01-
 []


Underfull \hbox (badness 10000) in paragraph at lines 298--299
[]|\TU/TimesNewRoman(0)/m/n/10.53937 2015.01-
 []


Underfull \hbox (badness 10000) in paragraph at lines 305--306
[]|\TU/TimesNewRoman(0)/m/n/10.53937 2015.01-
 []


Underfull \hbox (badness 10000) in paragraph at lines 310--311
[]|\TU/TimesNewRoman(0)/m/n/10.53937 2015.01-
 []


Overfull \hbox (20.0pt too wide) in alignment at lines 282--315
 [] [] [] [] 
 []

File: figures/data_clean_compare_fob.png Graphic file (type bmp)
<figures/data_clean_compare_fob.png>
File: figures/data_clean_compare_quantity.png Graphic file (type bmp)
<figures/data_clean_compare_quantity.png>
File: figures/data_clean_compare_value.png Graphic file (type bmp)
<figures/data_clean_compare_value.png>


[8]
File: ./figures/us_tariff.png Graphic file (type bmp)
<./figures/us_tariff.png>
File: ./figures/china_soybean_import_tariff.png Graphic file (type bmp)
<./figures/china_soybean_import_tariff.png>


[9]
Overfull \hbox (20.0pt too wide) in alignment at lines 426--430
 [] [] [] [] 
 []


Overfull \hbox (20.0pt too wide) in alignment at lines 430--435
 [] [] [] [] 
 []


Overfull \hbox (20.0pt too wide) in alignment at lines 435--447
 [] [] [] [] 
 []

File: ./figures/lstm_loss_value.png Graphic file (type bmp)
<./figures/lstm_loss_value.png>
File: ./figures/lstm_loss_quantity.png Graphic file (type bmp)
<./figures/lstm_loss_quantity.png>
File: ./figures/transfomer_loss_value.png Graphic file (type bmp)
<./figures/transfomer_loss_value.png>
File: ./figures/transfomer_loss_quantity.png Graphic file (type bmp)
<./figures/transfomer_loss_quantity.png>
File: ./figures/pred_lstm_share_value.png Graphic file (type bmp)
<./figures/pred_lstm_share_value.png>
File: ./figures/pred_lstm_share_quantity.png Graphic file (type bmp)
<./figures/pred_lstm_share_quantity.png>


[10]
File: ./figures/pred_transformer_share_value.png Graphic file (type bmp)
<./figures/pred_transformer_share_value.png>
File: ./figures/pred_transformer_share_quantity.png Graphic file (type bmp)
<./figures/pred_transformer_share_quantity.png>


[11]
File: ./figures/timeseries_quantity_value.png Graphic file (type bmp)
<./figures/timeseries_quantity_value.png>


[12]
File: ./figures/rolling_vs_tariff.png Graphic file (type bmp)
<./figures/rolling_vs_tariff.png>
File: ./figures/seasonality_heatmap.png Graphic file (type bmp)
<./figures/seasonality_heatmap.png>


[13]

[14]

Package fontspec Info: 
(fontspec)             Script 'CJK' not explicitly supported within font
(fontspec)             'STFangsong'. Check the typeset output, and if it is
(fontspec)             okay then ignore this warning. Otherwise a different
(fontspec)             font should be chosen.


Package fontspec Info: 
(fontspec)             Could not resolve font "STFangsong/BI" (it probably
(fontspec)             doesn't exist).


Package fontspec Info: 
(fontspec)             Could not resolve font "STFangsong/B" (it probably
(fontspec)             doesn't exist).


Package fontspec Info: 
(fontspec)             Could not resolve font "STFangsong/I" (it probably
(fontspec)             doesn't exist).


Package fontspec Info: 
(fontspec)             Font family 'STFangsong(0)' created for font
(fontspec)             'STFangsong' with options [Script={CJK}].
(fontspec)              
(fontspec)              This font family consists of the following NFSS
(fontspec)             series/shapes:
(fontspec)              
(fontspec)             - 'normal' (m/n) with NFSS spec.:
(fontspec)             <->"STFangsong/OT:script=hani;language=dflt;"

File: ./figures/seasonal_boxen.png Graphic file (type bmp)
<./figures/seasonal_boxen.png>

Underfull \hbox (badness 1917) in paragraph at lines 596--603
[]\TU/TimesNewRoman(0)/b/n/10.53937 Outlier Identification and Treatment\TU/TimesNewRoman(0)/m/n/10.53937 :Figure 15[] shows Japan\TU/STSong(0)/m/n/10.53937 ’| \TU/TimesNewRoman(0)/m/n/10.53937 s import-volume distribution as
 []


Underfull \hbox (badness 10000) in paragraph at lines 596--603

 []

File: ./figures/market_share_prepost_alt.png Graphic file (type bmp)
<./figures/market_share_prepost_alt.png>

Underfull \hbox (badness 10000) in paragraph at lines 609--617

 []



[15]
File: ./figures/supply_chain_quantity_alt.png Graphic file (type bmp)
<./figures/supply_chain_quantity_alt.png>
File: ./figures/supply_chain_ri_alt.png Graphic file (type bmp)
<./figures/supply_chain_ri_alt.png>


[16]
File: ./figures/autocorrelation.png Graphic file (type bmp)
<./figures/autocorrelation.png>
File: figures/seasonality_heatmap.png Graphic file (type bmp)
<figures/seasonality_heatmap.png>
File: figures/seasonal_boxen.png Graphic file (type bmp)
<figures/seasonal_boxen.png>


[17]
File: ./figures/stacked_share.png Graphic file (type bmp)
<./figures/stacked_share.png>

Underfull \hbox (badness 10000) in paragraph at lines 670--680

 []

File: ./figures/Model_selection.png Graphic file (type bmp)
<./figures/Model_selection.png>


[18]

[19]
File: ./figures/did_id.png Graphic file (type bmp)
<./figures/did_id.png>


[20]
File: ./figures/random_forest.png Graphic file (type bmp)
<./figures/random_forest.png>

Underfull \hbox (badness 10000) in paragraph at lines 715--724

 []

File: ./figures/stack_ensemble.png Graphic file (type bmp)
<./figures/stack_ensemble.png>

Underfull \hbox (badness 10000) in paragraph at lines 735--740

 []



[21]

[22]
File: ./figures/feature_importance_alt.png Graphic file (type bmp)
<./figures/feature_importance_alt.png>

Underfull \hbox (badness 10000) in paragraph at lines 773--785

 []



[23]
Underfull \hbox (badness 10000) in paragraph at lines 792--797

 []



[24]
File: ./figures/scenario_monthly_alt.png Graphic file (type bmp)
<./figures/scenario_monthly_alt.png>

Underfull \hbox (badness 10000) in paragraph at lines 800--808

 []

File: ./figures/scenario_cumulative_alt.png Graphic file (type bmp)
<./figures/scenario_cumulative_alt.png>


[25]
File: ./figures/trade_overview.png Graphic file (type bmp)
<./figures/trade_overview.png>
File: ./figures/scenario_cumulative_alt.png Graphic file (type bmp)
<./figures/scenario_cumulative_alt.png>


[26]
File: ./figures/timeseries_by_tier.png Graphic file (type bmp)
<./figures/timeseries_by_tier.png>


[27]
File: ./figures/security_index_over_time.png Graphic file (type bmp)
<./figures/security_index_over_time.png>

Underfull \hbox (badness 10000) in paragraph at lines 884--887

 []



[28]
Underfull \hbox (badness 10000) in paragraph at lines 887--890

 []

File: ./figures/tariff_rate_over_time.png Graphic file (type bmp)
<./figures/tariff_rate_over_time.png>

Underfull \hbox (badness 10000) in paragraph at lines 901--904

 []


Underfull \hbox (badness 10000) in paragraph at lines 904--907

 []

File: ./figures/feature_importance_top10.png Graphic file (type bmp)
<./figures/feature_importance_top10.png>


[29]
Underfull \hbox (badness 10000) in paragraph at lines 918--921

 []


Underfull \hbox (badness 10000) in paragraph at lines 921--924

 []



[30]
File: ./figures/imports_actual_vs_models.png Graphic file (type bmp)
<./figures/imports_actual_vs_models.png>


[31]

[32]
File: ./figures/model_performance_comparison.png Graphic file (type bmp)
<./figures/model_performance_comparison.png>
File: ./figures/feature_importance_top10.png Graphic file (type bmp)
<./figures/feature_importance_top10.png>
File: ./figures/scenario_curve.png Graphic file (type bmp)
<./figures/scenario_curve.png>
File: ./figures/policy_effect_bars.png Graphic file (type bmp)
<./figures/policy_effect_bars.png>
File: ./figures/scenario_by_tier.png Graphic file (type bmp)
<./figures/scenario_by_tier.png>

Underfull \hbox (badness 10000) in paragraph at lines 1065--1065
[]|\TU/TimesNewRoman(0)/b/n/10.53937 Method Fea-
 []


Underfull \hbox (badness 10000) in paragraph at lines 1067--1067
[]|\TU/TimesNewRoman(0)/m/n/10.53937 Screen core
 []


Underfull \hbox (badness 10000) in paragraph at lines 1067--1067
\TU/TimesNewRoman(0)/m/n/10.53937 features; es-
 []


Underfull \hbox (badness 10000) in paragraph at lines 1067--1067
\TU/TimesNewRoman(0)/m/n/10.53937 timate linear
 []


Underfull \hbox (badness 1412) in paragraph at lines 1067--1067
\TU/TimesNewRoman(0)/m/n/10.53937 policy elastic-
 []


Underfull \hbox (badness 10000) in paragraph at lines 1067--1067
[]|\TU/TimesNewRoman(0)/m/n/10.53937 L1+L2 regular-
 []


Underfull \hbox (badness 10000) in paragraph at lines 1067--1068
[]|\TU/TimesNewRoman(0)/m/n/10.53937 Tariff elasticity=-
 []


Underfull \hbox (badness 2111) in paragraph at lines 1067--1068
\TU/TimesNewRoman(0)/m/n/10.53937 0.82; Control in-
 []


Underfull \hbox (badness 10000) in paragraph at lines 1069--1069
[]|\TU/TimesNewRoman(0)/m/n/10.53937 Capture
 []


Underfull \hbox (badness 10000) in paragraph at lines 1069--1069
\TU/TimesNewRoman(0)/m/n/10.53937 short/long-
 []


Underfull \hbox (badness 10000) in paragraph at lines 1069--1069
\TU/TimesNewRoman(0)/m/n/10.53937 term policy
 []


Underfull \hbox (badness 10000) in paragraph at lines 1069--1069
\TU/TimesNewRoman(0)/m/n/10.53937 hance outlier
 []


Underfull \hbox (badness 10000) in paragraph at lines 1069--1069
[]|\TU/TimesNewRoman(0)/m/n/10.53937 Policy-time
 []


Underfull \hbox (badness 3049) in paragraph at lines 1069--1069
\TU/TimesNewRoman(0)/m/n/10.53937 interaction term
 []


Underfull \hbox (badness 10000) in paragraph at lines 1069--1069
\TU/TimesNewRoman(0)/m/n/10.53937 + Huber loss
 []


Underfull \hbox (badness 10000) in paragraph at lines 1069--1070
[]|\TU/TimesNewRoman(0)/m/n/10.53937 Short-term (3-
 []


Underfull \hbox (badness 10000) in paragraph at lines 1069--1070
\TU/TimesNewRoman(0)/m/n/10.53937 month) shock
 []


Underfull \hbox (badness 10000) in paragraph at lines 1069--1070
\TU/TimesNewRoman(0)/m/n/10.53937 attenuation=15%;
 []


Underfull \hbox (badness 1484) in paragraph at lines 1069--1070
\TU/TimesNewRoman(0)/m/n/10.53937 Stabilizes in long
 []


Underfull \hbox (badness 10000) in paragraph at lines 1071--1071
[]|\TU/TimesNewRoman(0)/m/n/10.53937 Integrate
 []


Underfull \hbox (badness 10000) in paragraph at lines 1071--1071
\TU/TimesNewRoman(0)/m/n/10.53937 multi-model
 []


Underfull \hbox (badness 10000) in paragraph at lines 1071--1071
\TU/TimesNewRoman(0)/m/n/10.53937 advantages;
 []


Underfull \hbox (badness 10000) in paragraph at lines 1071--1071
\TU/TimesNewRoman(0)/m/n/10.53937 improve
 []


Underfull \hbox (badness 10000) in paragraph at lines 1071--1071
\TU/TimesNewRoman(0)/m/n/10.53937 prediction
 []


Underfull \hbox (badness 10000) in paragraph at lines 1071--1071
\TU/TimesNewRoman(0)/m/n/10.53937 of multi-model
 []


Underfull \hbox (badness 10000) in paragraph at lines 1071--1071
\TU/TimesNewRoman(0)/m/n/10.53937 predictions by
 []


Underfull \hbox (badness 10000) in paragraph at lines 1071--1072
[]|\TU/TimesNewRoman(0)/m/n/10.53937 Test set
 []


Underfull \hbox (badness 10000) in paragraph at lines 1071--1072
\TU/TimesNewRoman(0)/m/n/10.53937 MAPE=8.2%;
 []


Underfull \hbox (badness 10000) in paragraph at lines 1071--1072
\TU/TimesNewRoman(0)/m/n/10.53937 Supports high-
 []


Underfull \hbox (badness 1552) in paragraph at lines 1071--1072
\TU/TimesNewRoman(0)/m/n/10.53937 precision scenario
 []



[33]

[34]

[35]
File: ./figures/Yearly_Tariff_Revenue.png Graphic file (type bmp)
<./figures/Yearly_Tariff_Revenue.png>


[36]
File: ./figures/Tariff_Import_Relationship.png Graphic file (type bmp)
<./figures/Tariff_Import_Relationship.png>


[37]
Overfull \hbox (48.04912pt too wide) in paragraph at lines 1153--1162
 [][] 
 []



[38]
File: figures/Model_Compare.png Graphic file (type bmp)
<figures/Model_Compare.png>


[39]
Overfull \hbox (10.65099pt too wide) in paragraph at lines 1219--1232
 [][] 
 []

File: ./figures/SecondTerm_Impact.png Graphic file (type bmp)
<./figures/SecondTerm_Impact.png>


[40]
File: figures/Figure_1_Trade_Flow_Changes.png Graphic file (type bmp)
<figures/Figure_1_Trade_Flow_Changes.png>

Underfull \hbox (badness 4144) in paragraph at lines 1304--1304
[]|$\OML/cmm/m/it/10.53937 M[] \OMS/cmsy/m/n/10.53937 ^^@ \OML/cmm/m/it/10.53937 M[]$ \TU/TimesNewRoman(0)/m/n/10.53937 (Policy-period minus
 []


Underfull \hbox (badness 10000) in paragraph at lines 1304--1304
[]|$\OT1/cmr/m/n/10.53937 (^^A\OML/cmm/m/it/10.53937 X \OMS/cmsy/m/n/10.53937 ^^@ \OT1/cmr/m/n/10.53937 ^^A\OML/cmm/m/it/10.53937 M \OMS/cmsy/m/n/10.53937 ^^@
 []


Underfull \hbox (badness 10000) in paragraph at lines 1304--1304
[]\OT1/cmr/m/n/10.53937 ) \OMS/cmsy/m/n/10.53937 ^^B
 []


Underfull \hbox (badness 2600) in paragraph at lines 1304--1304
[]|\TU/TimesNewRoman(0)/m/n/10.53937 Domestic substitution rate $\OMS/cmsy/m/n/10.53937 ^^B$ \TU/TimesNewRoman(0)/m/n/10.53937 in-
 []


Underfull \hbox (badness 10000) in paragraph at lines 1304--1304
\TU/TimesNewRoman(0)/m/n/10.53937 dustry job coefficient (baseline
 []


Underfull \hbox (badness 2762) in paragraph at lines 1324--1324
[]|\TU/TimesNewRoman(0)/m/n/10.53937 U.S. DOC Interna-
 []


Underfull \hbox (badness 5008) in paragraph at lines 1324--1324
[]|\TU/TimesNewRoman(0)/m/n/10.53937 London Metal Ex-
 []


Underfull \hbox (badness 10000) in paragraph at lines 1324--1324
[]|\TU/TimesNewRoman(0)/m/n/10.53937 U.S. Bureau of
 []


Underfull \hbox (badness 6608) in paragraph at lines 1324--1324
\TU/TimesNewRoman(0)/m/n/10.53937 Economic Analysis
 []



[41]

[42]
Underfull \hbox (badness 10000) in paragraph at lines 1338--1339

 []



[43]

[44]
File: ./figures/Figure_1_Trade_Flow_Changes.png Graphic file (type bmp)
<./figures/Figure_1_Trade_Flow_Changes.png>
File: ./figures/Figure_4_GDP_Scenarios.png Graphic file (type bmp)
<./figures/Figure_4_GDP_Scenarios.png>
File: ./figures/Figure_7_Comprehensive_Dashboard.png Graphic file (type bmp)
<./figures/Figure_7_Comprehensive_Dashboard.png>

Overfull \hbox (27.84207pt too wide) in paragraph at lines 1449--1461
 [][] 
 []



[45]

[46]
Underfull \hbox (badness 10000) in paragraph at lines 1486--1487

 []



[47]

[48] 
enddocument/afterlastpage (AED): lastpage setting LastPage.
(./main.aux)
 ***********
LaTeX2e <2024-11-01> patch level 2
L3 programming layer <2022/07/14>
 ***********


LaTeX Warning: There were multiply-defined labels.

 ) 
Here is how much of TeX's memory you used:
 15233 strings out of 473832
 348558 string characters out of 5729480
 780275 words of memory out of 5000000
 37958 multiletter control sequences out of 15000+600000
 566533 words of font info for 104 fonts, out of 8000000 for 9000
 1348 hyphenation exceptions out of 8191
 108i,14n,128p,992b,616s stack positions out of 10000i,1000n,20000p,200000b,200000s

Output written on main.pdf (53 pages).
